
2019-10-10 09:33:02,052 [8] INFO  RequestLog - http://localhost:51534/api/PubRole/GetList
 data:

2019-10-10 09:33:02,052 [9] INFO  RequestLog - http://localhost:51534/api/PubUser/GetPage
 data:{"pageNum":1,"pageSize":10,"field":"Id","order":"asc","query":{}}

2019-10-10 09:33:17,036 [7] INFO  RequestLog - http://localhost:51534/api/PubUser/GetAccess
 data:

2019-10-10 09:33:28,346 [7] INFO  RequestLog - http://localhost:51534/api/PubUser/GetAccess
 data:

2019-10-10 09:33:36,234 [7] INFO  RequestLog - http://localhost:51534/api/PubRole/GetPage
 data:{"pageNum":1,"pageSize":10,"field":"Id","order":"asc","query":{}}

2019-10-10 09:52:00,115 [9] INFO  RequestLog - http://localhost:51534/api/PubUser/GetAccess
 data:

2019-10-10 09:52:04,792 [10] INFO  RequestLog - http://localhost:51534/api/PubRole/GetPage
 data:{"pageNum":1,"pageSize":10,"field":"Id","order":"asc","query":{}}

2019-10-10 09:56:44,016 [17] INFO  RequestLog - http://localhost:51534/api/PubUser/GetPage
 data:{"pageNum":1,"pageSize":10,"field":"Id","order":"asc","query":{}}

2019-10-10 09:56:44,016 [15] INFO  RequestLog - http://localhost:51534/api/PubRole/GetList
 data:

2019-10-10 09:57:56,359 [15] INFO  RequestLog - http://localhost:51534/api/PubRole/GetPage
 data:{"pageNum":1,"pageSize":10,"field":"Id","order":"asc","query":{}}

2019-10-10 09:58:24,577 [21] INFO  RequestLog - http://localhost:51534/api/PubFunction/GetList
 data:

2019-10-10 09:58:24,606 [21] INFO  RequestLog - http://localhost:51534/api/PubFunction/GetList
 data:

2019-10-10 09:58:24,606 [21] INFO  RequestLog - http://localhost:51534/api/PubFunction/GetChildList/
 data:

2019-10-10 10:07:32,354 [12] INFO  RequestLog - http://localhost:51534/api/PubUser/GetAccess
 data:

2019-10-10 10:07:37,639 [11] INFO  RequestLog - http://localhost:51534/api/PubRole/GetPage
 data:{"pageNum":1,"pageSize":10,"field":"Id","order":"asc","query":{}}

2019-10-10 10:13:08,730 [9] INFO  RequestLog - http://localhost:51534/api/PubFunction/GetChildList/
 data:

2019-10-10 10:13:08,730 [10] INFO  RequestLog - http://localhost:51534/api/PubFunction/GetList
 data:

2019-10-10 10:13:08,731 [9] INFO  RequestLog - http://localhost:51534/api/PubFunction/GetList
 data:

2019-10-10 10:26:05,305 [8] INFO  RequestLog - http://localhost:51534/api/PubRole/GetPage
 data:{"pageNum":1,"pageSize":10,"field":"Id","order":"asc","query":{}}

2019-10-10 10:26:09,232 [9] INFO  RequestLog - http://localhost:51534/api/PubRole/GetList
 data:

2019-10-10 10:26:09,282 [9] INFO  RequestLog - http://localhost:51534/api/PubUser/GetPage
 data:{"pageNum":1,"pageSize":10,"field":"Id","order":"asc","query":{}}

2019-10-10 10:26:10,336 [8] INFO  RequestLog - http://localhost:51534/api/PubRole/GetPage
 data:{"pageNum":1,"pageSize":10,"field":"Id","order":"asc","query":{}}

2019-10-10 10:26:13,589 [9] INFO  RequestLog - http://localhost:51534/api/PubFunction/GetChildList/
 data:

2019-10-10 10:26:13,608 [10] INFO  RequestLog - http://localhost:51534/api/PubFunction/GetList
 data:

2019-10-10 10:26:13,608 [9] INFO  RequestLog - http://localhost:51534/api/PubFunction/GetList
 data:

2019-10-10 10:26:22,333 [8] INFO  RequestLog - http://localhost:51534/api/PubRole/GetList
 data:

2019-10-10 10:26:22,352 [8] INFO  RequestLog - http://localhost:51534/api/PubUser/GetPage
 data:{"pageNum":1,"pageSize":10,"field":"Id","order":"asc","query":{}}

2019-10-10 10:26:25,889 [8] INFO  RequestLog - http://localhost:51534/api/PubRole/GetPage
 data:{"pageNum":1,"pageSize":10,"field":"Id","order":"asc","query":{}}

2019-10-10 10:26:29,097 [8] INFO  RequestLog - http://localhost:51534/api/PubUser/GetAccess
 data:

2019-10-10 10:26:33,063 [6] INFO  RequestLog - http://localhost:51534/api/PubUser/GetAccess
 data:

2019-10-10 10:26:34,778 [8] INFO  RequestLog - http://localhost:51534/api/PubUser/GetPage
 data:{"pageNum":1,"pageSize":10,"field":"Id","order":"asc","query":{}}

2019-10-10 10:26:34,778 [8] INFO  RequestLog - http://localhost:51534/api/PubRole/GetList
 data:

2019-10-10 10:26:35,551 [7] INFO  RequestLog - http://localhost:51534/api/PubRole/GetPage
 data:{"pageNum":1,"pageSize":10,"field":"Id","order":"asc","query":{}}

2019-10-10 10:26:38,583 [9] INFO  RequestLog - http://localhost:51534/api/PubRole/GetPage
 data:{"pageNum":1,"pageSize":10,"field":"Id","order":"asc","query":{}}

2019-10-10 10:26:45,887 [8] INFO  RequestLog - http://localhost:51534/api/PubUser/GetAccess
 data:

2019-10-10 10:27:09,165 [6] INFO  RequestLog - http://localhost:51534/api/PubFunction/GetChildList/
 data:

2019-10-10 10:27:09,165 [6] INFO  RequestLog - http://localhost:51534/api/PubFunction/GetList
 data:

2019-10-10 10:27:09,244 [7] INFO  RequestLog - http://localhost:51534/api/PubFunction/GetList
 data:

2019-10-10 10:27:09,244 [7] INFO  RequestLog - http://localhost:51534/api/PubRole/GetPage
 data:{"pageNum":1,"pageSize":10,"field":"Id","order":"asc","query":{}}

2019-10-10 10:27:09,284 [6] INFO  RequestLog - http://localhost:51534/api/PubFunction/GetList
 data:

2019-10-10 10:27:09,350 [7] INFO  RequestLog - http://localhost:51534/api/PubUser/GetAccess
 data:

2019-10-10 10:27:09,369 [11] INFO  RequestLog - http://localhost:51534/api/PubFunction/GetChildList/
 data:

2019-10-10 10:27:09,369 [7] INFO  RequestLog - http://localhost:51534/api/PubFunction/GetList
 data:

2019-10-10 10:27:09,608 [7] INFO  RequestLog - http://localhost:51534/api/PubRole/GetList
 data:

2019-10-10 10:27:09,646 [11] INFO  RequestLog - http://localhost:51534/api/PubUser/GetPage
 data:{"pageNum":1,"pageSize":10,"field":"Id","order":"asc","query":{}}

2019-10-10 10:54:26,970 [9] INFO  RequestLog - http://localhost:51534/api/PubUser/GetAccess
 data:

2019-10-10 10:54:30,110 [10] INFO  RequestLog - http://localhost:51534/api/PubFunction/GetChildList/
 data:

2019-10-10 10:54:30,110 [10] INFO  RequestLog - http://localhost:51534/api/PubFunction/GetList
 data:

2019-10-10 10:54:30,110 [10] INFO  RequestLog - http://localhost:51534/api/PubFunction/GetList
 data:

2019-10-10 10:54:31,890 [7] INFO  RequestLog - http://localhost:51534/api/PubRole/GetPage
 data:{"pageNum":1,"pageSize":10,"field":"Id","order":"asc","query":{}}

2019-10-10 10:54:33,057 [9] INFO  RequestLog - http://localhost:51534/api/PubUser/GetPage
 data:{"pageNum":1,"pageSize":10,"field":"Id","order":"asc","query":{}}

2019-10-10 10:54:33,057 [8] INFO  RequestLog - http://localhost:51534/api/PubRole/GetList
 data:

2019-10-10 10:54:34,989 [9] INFO  RequestLog - http://localhost:51534/api/PubFunction/GetList
 data:

2019-10-10 10:54:34,989 [9] INFO  RequestLog - http://localhost:51534/api/PubFunction/GetList
 data:

2019-10-10 10:54:35,036 [9] INFO  RequestLog - http://localhost:51534/api/PubFunction/GetChildList/
 data:

2019-10-10 10:54:37,156 [8] INFO  RequestLog - http://localhost:51534/api/PubUser/GetAccess
 data:

2019-10-10 10:54:37,402 [6] INFO  RequestLog - http://localhost:51534/api/PubFunction/GetList
 data:

2019-10-10 10:54:37,431 [10] INFO  RequestLog - http://localhost:51534/api/PubFunction/GetChildList/
 data:

2019-10-10 10:54:37,431 [10] INFO  RequestLog - http://localhost:51534/api/PubFunction/GetList
 data:

2019-10-10 10:54:38,467 [8] INFO  RequestLog - http://localhost:51534/api/PubRole/GetList
 data:

2019-10-10 10:54:38,467 [7] INFO  RequestLog - http://localhost:51534/api/PubUser/GetPage
 data:{"pageNum":1,"pageSize":10,"field":"Id","order":"asc","query":{}}

2019-10-10 10:54:40,254 [8] INFO  RequestLog - http://localhost:51534/api/PubRole/GetPage
 data:{"pageNum":1,"pageSize":10,"field":"Id","order":"asc","query":{}}

2019-10-10 10:54:50,023 [10] INFO  RequestLog - http://localhost:51534/api/PubFunction/GetList
 data:

2019-10-10 10:54:50,023 [10] INFO  RequestLog - http://localhost:51534/api/PubFunction/GetList
 data:

2019-10-10 10:54:50,069 [10] INFO  RequestLog - http://localhost:51534/api/PubFunction/GetChildList/
 data:

2019-10-10 10:54:58,691 [8] INFO  RequestLog - http://localhost:51534/api/PubRole/GetPage
 data:{"pageNum":1,"pageSize":10,"field":"Id","order":"asc","query":{}}

2019-10-10 10:55:00,043 [10] INFO  RequestLog - http://localhost:51534/api/PubFunction/GetList
 data:

2019-10-10 10:55:00,073 [7] INFO  RequestLog - http://localhost:51534/api/PubFunction/GetList
 data:

2019-10-10 10:55:00,099 [7] INFO  RequestLog - http://localhost:51534/api/PubFunction/GetChildList/
 data:

2019-10-10 10:55:47,085 [9] INFO  RequestLog - http://localhost:51534/api/PubRole/GetPage
 data:{"pageNum":1,"pageSize":10,"field":"Id","order":"asc","query":{}}

2019-10-10 10:55:47,975 [10] INFO  RequestLog - http://localhost:51534/api/PubFunction/GetList
 data:

2019-10-10 10:55:47,996 [10] INFO  RequestLog - http://localhost:51534/api/PubFunction/GetChildList/
 data:

2019-10-10 10:55:47,996 [10] INFO  RequestLog - http://localhost:51534/api/PubFunction/GetList
 data:

2019-10-10 10:57:09,800 [8] INFO  RequestLog - http://localhost:51534/api/PubFunction/GetChildList/FC001001005
 data:

2019-10-10 10:57:42,930 [9] INFO  RequestLog - http://localhost:51534/api/PubFunction/GetChildList/FC001001
 data:

2019-10-10 10:59:03,166 [14] INFO  RequestLog - http://localhost:51534/api/PubRole/GetPage
 data:{"pageNum":1,"pageSize":10,"field":"Id","order":"asc","query":{}}

2019-10-10 10:59:11,790 [15] INFO  RequestLog - http://localhost:51534/api/PubFunction/GetList
 data:

2019-10-10 10:59:11,791 [15] INFO  RequestLog - http://localhost:51534/api/PubFunction/GetList
 data:

2019-10-10 10:59:11,833 [15] INFO  RequestLog - http://localhost:51534/api/PubFunction/GetChildList/
 data:

2019-10-10 10:59:59,972 [14] INFO  RequestLog - http://localhost:51534/api/PubUser/GetAccess
 data:

2019-10-10 11:00:00,336 [18] INFO  RequestLog - http://localhost:51534/api/PubFunction/GetList
 data:

2019-10-10 11:00:00,336 [16] INFO  RequestLog - http://localhost:51534/api/PubFunction/GetList
 data:

2019-10-10 11:00:00,388 [20] INFO  RequestLog - http://localhost:51534/api/PubFunction/GetChildList/
 data:

2019-10-10 11:00:41,638 [16] INFO  RequestLog - http://localhost:51534/api/PubFunction/GetChildList/FC001
 data:

2019-10-10 11:01:24,972 [17] INFO  RequestLog - http://localhost:51534/api/PubFunction/GetList
 data:

2019-10-10 11:01:25,002 [17] INFO  RequestLog - http://localhost:51534/api/PubFunction/GetList
 data:

2019-10-10 11:01:25,002 [17] INFO  RequestLog - http://localhost:51534/api/PubFunction/GetChildList/
 data:

2019-10-10 11:01:42,131 [17] INFO  RequestLog - http://localhost:51534/api/PubFunction/GetList
 data:

2019-10-10 11:01:42,164 [7] INFO  RequestLog - http://localhost:51534/api/PubFunction/GetChildList/
 data:

2019-10-10 11:01:42,191 [22] INFO  RequestLog - http://localhost:51534/api/PubFunction/GetList
 data:

2019-10-10 11:04:19,779 [8] INFO  RequestLog - http://localhost:51534/api/PubUser/GetPage
 data:{"pageNum":1,"pageSize":10,"field":"Id","order":"asc","query":{}}

2019-10-10 11:04:19,779 [9] INFO  RequestLog - http://localhost:51534/api/PubRole/GetList
 data:

2019-10-10 11:04:22,145 [9] INFO  RequestLog - http://localhost:51534/api/PubFunction/GetList
 data:

2019-10-10 11:04:22,146 [9] INFO  RequestLog - http://localhost:51534/api/PubFunction/GetList
 data:

2019-10-10 11:04:22,146 [9] INFO  RequestLog - http://localhost:51534/api/PubFunction/GetChildList/
 data:

2019-10-10 11:04:31,203 [8] INFO  RequestLog - http://localhost:51534/api/PubFunction/Edit
 data:{"functionCode":"FC001001001","functionEnglish":"USERINFOADD","functionChina":"添加","functionDescrip":null,"parentCode":"FC001001","menuFlag":0,"stopFlag":false,"urlString":null,"editdate":"2018-05-12T11:21:12.883","editor":"-","sortidx":99,"target":null,"menuIcon":null,"parentName":"用户信息","_index":2,"_rowKey":6}

2019-10-10 11:04:31,424 [9] INFO  RequestLog - http://localhost:51534/api/PubFunction/GetList
 data:

2019-10-10 11:04:31,447 [7] INFO  RequestLog - http://localhost:51534/api/PubFunction/GetChildList/FC001001
 data:

2019-10-10 11:04:37,587 [10] INFO  RequestLog - http://localhost:51534/api/PubDept/GetList
 data:

2019-10-10 11:04:37,587 [9] INFO  RequestLog - http://localhost:51534/api/PubDept/GetList
 data:

2019-10-10 11:04:37,588 [10] INFO  RequestLog - http://localhost:51534/api/PubDept/GetChildList/
 data:

2019-10-10 11:04:38,075 [9] INFO  RequestLog - http://localhost:51534/api/PubRole/GetPage
 data:{"pageNum":1,"pageSize":10,"field":"Id","order":"asc","query":{}}

2019-10-10 11:04:41,777 [7] INFO  RequestLog - http://localhost:51534/api/PubUser/GetFunctions/00000002
 data:

2019-10-10 11:04:41,828 [7] INFO  RequestLog - http://localhost:51534/api/PubFunction/GetList
 data:

2019-10-10 11:04:44,560 [8] INFO  RequestLog - http://localhost:51534/api/PubUser/Edit
 data:{"id":2,"userCode":"00000002","userName":"admin","realName":"admin","userPwd":"123123","sex":0,"identityNo":null,"birthday":null,"deptCode":"D000002","managerFlag":false,"tel":"15288133116","eMail":null,"qq":null,"remark":"                        \n                    ","stopFlag":false,"crid":null,"crdt":null,"lmid":"00000002-admin","lmdt":"2019-07-30T16:16:36.757","loginDate":null,"provinceCode":null,"cityCode":null,"regionCode":null,"userAddress":null,"wxcode":null,"headUrl":null,"deptName":"cts","roleCodes":["RC000001"],"_index":1,"_rowKey":2}

2019-10-10 11:04:45,034 [6] INFO  RequestLog - http://localhost:51534/api/PubUser/GetPage
 data:{"pageSize":10,"field":"Id","order":"asc","query":{}}

2019-10-10 11:04:49,814 [9] INFO  RequestLog - http://localhost:51534/api/PubUser/GetAccess
 data:

2019-10-10 11:04:50,163 [7] INFO  RequestLog - http://localhost:51534/api/PubUser/GetPage
 data:{"pageNum":1,"pageSize":10,"field":"Id","order":"asc","query":{}}

2019-10-10 11:04:50,163 [10] INFO  RequestLog - http://localhost:51534/api/PubRole/GetList
 data:

2019-10-10 11:04:57,322 [10] INFO  RequestLog - http://localhost:51534/api/PubFunction/GetList
 data:

2019-10-10 11:04:57,323 [10] INFO  RequestLog - http://localhost:51534/api/PubFunction/GetList
 data:

2019-10-10 11:04:57,365 [10] INFO  RequestLog - http://localhost:51534/api/PubFunction/GetChildList/
 data:

2019-10-10 11:04:57,780 [9] INFO  RequestLog - http://localhost:51534/api/PubDept/GetList
 data:

2019-10-10 11:04:57,809 [10] INFO  RequestLog - http://localhost:51534/api/PubDept/GetList
 data:

2019-10-10 11:04:57,809 [10] INFO  RequestLog - http://localhost:51534/api/PubDept/GetChildList/
 data:

2019-10-10 11:04:58,262 [7] INFO  RequestLog - http://localhost:51534/api/PubRole/GetPage
 data:{"pageNum":1,"pageSize":10,"field":"Id","order":"asc","query":{}}

2019-10-10 11:04:59,036 [10] INFO  RequestLog - http://localhost:51534/api/PubFunction/GetList
 data:

2019-10-10 11:04:59,036 [10] INFO  RequestLog - http://localhost:51534/api/PubFunction/GetList
 data:

2019-10-10 11:04:59,037 [10] INFO  RequestLog - http://localhost:51534/api/PubFunction/GetChildList/
 data:

2019-10-10 11:04:59,399 [9] INFO  RequestLog - http://localhost:51534/api/PubDept/GetList
 data:

2019-10-10 11:04:59,421 [9] INFO  RequestLog - http://localhost:51534/api/PubDept/GetChildList/
 data:

2019-10-10 11:04:59,422 [10] INFO  RequestLog - http://localhost:51534/api/PubDept/GetList
 data:

2019-10-10 11:05:00,181 [10] INFO  RequestLog - http://localhost:51534/api/PubFunction/GetList
 data:

2019-10-10 11:05:00,181 [10] INFO  RequestLog - http://localhost:51534/api/PubFunction/GetChildList/
 data:

2019-10-10 11:05:00,181 [10] INFO  RequestLog - http://localhost:51534/api/PubFunction/GetList
 data:

2019-10-10 11:05:01,278 [9] INFO  RequestLog - http://localhost:51534/api/PubRole/GetPage
 data:{"pageNum":1,"pageSize":10,"field":"Id","order":"asc","query":{}}

2019-10-10 11:05:02,004 [10] INFO  RequestLog - http://localhost:51534/api/PubFunction/GetList
 data:

2019-10-10 11:05:02,005 [9] INFO  RequestLog - http://localhost:51534/api/PubFunction/GetList
 data:

2019-10-10 11:05:02,005 [9] INFO  RequestLog - http://localhost:51534/api/PubFunction/GetChildList/
 data:

2019-10-10 11:05:03,496 [9] INFO  RequestLog - http://localhost:51534/api/PubDept/GetList
 data:

2019-10-10 11:05:03,520 [9] INFO  RequestLog - http://localhost:51534/api/PubDept/GetList
 data:

2019-10-10 11:05:03,524 [10] INFO  RequestLog - http://localhost:51534/api/PubDept/GetChildList/
 data:

2019-10-10 11:05:03,953 [8] INFO  RequestLog - http://localhost:51534/api/PubRole/GetPage
 data:{"pageNum":1,"pageSize":10,"field":"Id","order":"asc","query":{}}

2019-10-10 11:05:04,699 [9] INFO  RequestLog - http://localhost:51534/api/PubDept/GetList
 data:

2019-10-10 11:05:04,719 [9] INFO  RequestLog - http://localhost:51534/api/PubDept/GetChildList/
 data:

2019-10-10 11:05:04,720 [9] INFO  RequestLog - http://localhost:51534/api/PubDept/GetList
 data:

2019-10-10 11:05:05,200 [9] INFO  RequestLog - http://localhost:51534/api/PubFunction/GetList
 data:

2019-10-10 11:05:05,200 [9] INFO  RequestLog - http://localhost:51534/api/PubFunction/GetList
 data:

2019-10-10 11:05:05,200 [9] INFO  RequestLog - http://localhost:51534/api/PubFunction/GetChildList/
 data:

2019-10-10 11:05:10,678 [9] INFO  RequestLog - http://localhost:51534/api/PubFunction/GetList
 data:

2019-10-10 11:05:10,679 [9] INFO  RequestLog - http://localhost:51534/api/PubFunction/GetList
 data:

2019-10-10 11:05:10,699 [9] INFO  RequestLog - http://localhost:51534/api/PubFunction/GetChildList/
 data:

2019-10-10 11:05:10,967 [7] INFO  RequestLog - http://localhost:51534/api/PubRole/GetPage
 data:{"pageNum":1,"pageSize":10,"field":"Id","order":"asc","query":{}}

2019-10-10 11:05:11,688 [9] INFO  RequestLog - http://localhost:51534/api/PubDept/GetChildList/
 data:

2019-10-10 11:05:11,688 [9] INFO  RequestLog - http://localhost:51534/api/PubDept/GetList
 data:

2019-10-10 11:05:11,689 [9] INFO  RequestLog - http://localhost:51534/api/PubDept/GetList
 data:

2019-10-10 11:05:12,325 [7] INFO  RequestLog - http://localhost:51534/api/PubRole/GetPage
 data:{"pageNum":1,"pageSize":10,"field":"Id","order":"asc","query":{}}

2019-10-10 11:05:15,624 [10] INFO  RequestLog - http://localhost:51534/api/PubFunction/GetChildList/
 data:

2019-10-10 11:05:15,624 [9] INFO  RequestLog - http://localhost:51534/api/PubFunction/GetList
 data:

2019-10-10 11:05:15,675 [15] INFO  RequestLog - http://localhost:51534/api/PubFunction/GetList
 data:

2019-10-10 11:05:18,198 [7] INFO  RequestLog - http://localhost:51534/api/PubUser/GetFunctions/00000002
 data:

2019-10-10 11:05:18,244 [6] INFO  RequestLog - http://localhost:51534/api/PubFunction/GetList
 data:

2019-10-10 11:05:21,379 [6] INFO  RequestLog - http://localhost:51534/api/PubRole/GetPage
 data:{"pageNum":1,"pageSize":10,"field":"Id","order":"asc","query":{}}

2019-10-10 11:08:03,569 [9] INFO  RequestLog - http://localhost:51534/api/PubFunction/GetChildList/
 data:

2019-10-10 11:08:03,582 [9] INFO  RequestLog - http://localhost:51534/api/PubFunction/GetList
 data:

2019-10-10 11:08:03,582 [9] INFO  RequestLog - http://localhost:51534/api/PubFunction/GetList
 data:

2019-10-10 11:08:05,049 [9] INFO  RequestLog - http://localhost:51534/api/PubDept/GetList
 data:

2019-10-10 11:08:05,090 [9] INFO  RequestLog - http://localhost:51534/api/PubDept/GetChildList/
 data:

2019-10-10 11:08:05,090 [9] INFO  RequestLog - http://localhost:51534/api/PubDept/GetList
 data:

2019-10-10 11:08:10,189 [9] INFO  RequestLog - http://localhost:51534/api/PubFunction/GetList
 data:

2019-10-10 11:08:10,195 [10] INFO  RequestLog - http://localhost:51534/api/PubFunction/GetChildList/
 data:

2019-10-10 11:08:10,238 [9] INFO  RequestLog - http://localhost:51534/api/PubFunction/GetList
 data:

2019-10-10 11:08:11,082 [9] INFO  RequestLog - http://localhost:51534/api/PubRole/GetList
 data:

2019-10-10 11:08:11,082 [9] INFO  RequestLog - http://localhost:51534/api/PubUser/GetPage
 data:{"pageNum":1,"pageSize":10,"field":"Id","order":"asc","query":{}}

2019-10-10 11:08:16,208 [9] INFO  RequestLog - http://localhost:51534/api/PubRole/GetPage
 data:{"pageNum":1,"pageSize":10,"field":"Id","order":"asc","query":{}}

2019-10-10 11:08:17,473 [7] INFO  RequestLog - http://localhost:51534/api/PubRole/GetPage
 data:{"pageNum":1,"pageSize":10,"field":"Id","order":"asc","query":{}}

2019-10-10 11:08:18,110 [10] INFO  RequestLog - http://localhost:51534/api/PubDept/GetList
 data:

2019-10-10 11:08:18,111 [10] INFO  RequestLog - http://localhost:51534/api/PubDept/GetList
 data:

2019-10-10 11:08:18,156 [9] INFO  RequestLog - http://localhost:51534/api/PubDept/GetChildList/
 data:

2019-10-10 11:08:19,706 [10] INFO  RequestLog - http://localhost:51534/api/PubFunction/GetList
 data:

2019-10-10 11:08:19,736 [9] INFO  RequestLog - http://localhost:51534/api/PubFunction/GetChildList/
 data:

2019-10-10 11:08:19,736 [10] INFO  RequestLog - http://localhost:51534/api/PubFunction/GetList
 data:

2019-10-10 11:08:22,383 [10] INFO  RequestLog - http://localhost:51534/api/PubDept/GetList
 data:

2019-10-10 11:08:22,383 [10] INFO  RequestLog - http://localhost:51534/api/PubDept/GetList
 data:

2019-10-10 11:08:22,453 [10] INFO  RequestLog - http://localhost:51534/api/PubDept/GetChildList/
 data:

2019-10-10 11:08:22,750 [8] INFO  RequestLog - http://localhost:51534/api/PubRole/GetPage
 data:{"pageNum":1,"pageSize":10,"field":"Id","order":"asc","query":{}}

2019-10-10 11:08:23,752 [8] INFO  RequestLog - http://localhost:51534/api/PubRole/GetPage
 data:{"pageNum":1,"pageSize":10,"field":"Id","order":"asc","query":{}}

2019-10-10 11:08:24,104 [10] INFO  RequestLog - http://localhost:51534/api/PubFunction/GetList
 data:

2019-10-10 11:08:24,105 [10] INFO  RequestLog - http://localhost:51534/api/PubFunction/GetChildList/
 data:

2019-10-10 11:08:24,105 [10] INFO  RequestLog - http://localhost:51534/api/PubFunction/GetList
 data:

2019-10-10 11:08:24,697 [10] INFO  RequestLog - http://localhost:51534/api/PubFunction/GetList
 data:

2019-10-10 11:08:24,697 [10] INFO  RequestLog - http://localhost:51534/api/PubFunction/GetList
 data:

2019-10-10 11:08:24,697 [10] INFO  RequestLog - http://localhost:51534/api/PubFunction/GetChildList/
 data:

2019-10-10 11:08:25,190 [7] INFO  RequestLog - http://localhost:51534/api/PubRole/GetPage
 data:{"pageNum":1,"pageSize":10,"field":"Id","order":"asc","query":{}}

2019-10-10 11:08:25,669 [9] INFO  RequestLog - http://localhost:51534/api/PubFunction/GetList
 data:

2019-10-10 11:08:25,669 [10] INFO  RequestLog - http://localhost:51534/api/PubFunction/GetChildList/
 data:

2019-10-10 11:08:25,712 [9] INFO  RequestLog - http://localhost:51534/api/PubFunction/GetList
 data:

2019-10-10 11:09:04,081 [6] INFO  RequestLog - http://localhost:51534/api/PubUser/GetAccess
 data:

2019-10-10 11:09:06,425 [6] INFO  RequestLog - http://localhost:51534/api/PubFunction/GetList
 data:

2019-10-10 11:09:06,474 [9] INFO  RequestLog - http://localhost:51534/api/PubFunction/GetChildList/
 data:

2019-10-10 11:09:06,495 [10] INFO  RequestLog - http://localhost:51534/api/PubFunction/GetList
 data:

2019-10-10 11:09:08,835 [10] INFO  RequestLog - http://localhost:51534/api/PubDept/GetList
 data:

2019-10-10 11:09:08,862 [10] INFO  RequestLog - http://localhost:51534/api/PubDept/GetChildList/
 data:

2019-10-10 11:09:08,884 [10] INFO  RequestLog - http://localhost:51534/api/PubDept/GetList
 data:

2019-10-10 11:09:09,616 [6] INFO  RequestLog - http://localhost:51534/api/PubRole/GetPage
 data:{"pageNum":1,"pageSize":10,"field":"Id","order":"asc","query":{}}

2019-10-10 11:09:10,584 [9] INFO  RequestLog - http://localhost:51534/api/PubRole/GetList
 data:

2019-10-10 11:09:10,584 [9] INFO  RequestLog - http://localhost:51534/api/PubUser/GetPage
 data:{"pageNum":1,"pageSize":10,"field":"Id","order":"asc","query":{}}

2019-10-10 11:09:12,816 [10] INFO  RequestLog - http://localhost:51534/api/PubUser/GetPage
 data:{"pageNum":1,"pageSize":10,"field":"Id","order":"asc","query":{}}

2019-10-10 11:09:12,816 [10] INFO  RequestLog - http://localhost:51534/api/PubRole/GetList
 data:

2019-10-10 11:09:13,568 [10] INFO  RequestLog - http://localhost:51534/api/PubRole/GetPage
 data:{"pageNum":1,"pageSize":10,"field":"Id","order":"asc","query":{}}

2019-10-10 11:09:14,198 [9] INFO  RequestLog - http://localhost:51534/api/PubFunction/GetChildList/
 data:

2019-10-10 11:09:14,200 [9] INFO  RequestLog - http://localhost:51534/api/PubFunction/GetList
 data:

2019-10-10 11:09:14,242 [9] INFO  RequestLog - http://localhost:51534/api/PubFunction/GetList
 data:

2019-10-10 11:09:14,654 [8] INFO  RequestLog - http://localhost:51534/api/PubDept/GetList
 data:

2019-10-10 11:09:14,655 [9] INFO  RequestLog - http://localhost:51534/api/PubDept/GetList
 data:

2019-10-10 11:09:14,705 [7] INFO  RequestLog - http://localhost:51534/api/PubDept/GetChildList/
 data:

2019-10-10 11:09:15,827 [8] INFO  RequestLog - http://localhost:51534/api/PubRole/GetPage
 data:{"pageNum":1,"pageSize":10,"field":"Id","order":"asc","query":{}}

2019-10-10 11:09:17,011 [9] INFO  RequestLog - http://localhost:51534/api/PubFunction/GetList
 data:

2019-10-10 11:09:17,042 [15] INFO  RequestLog - http://localhost:51534/api/PubFunction/GetList
 data:

2019-10-10 11:09:17,042 [15] INFO  RequestLog - http://localhost:51534/api/PubFunction/GetChildList/
 data:

2019-10-10 11:09:17,435 [9] INFO  RequestLog - http://localhost:51534/api/PubDept/GetList
 data:

2019-10-10 11:09:17,435 [8] INFO  RequestLog - http://localhost:51534/api/PubDept/GetChildList/
 data:

2019-10-10 11:09:17,436 [7] INFO  RequestLog - http://localhost:51534/api/PubDept/GetList
 data:

2019-10-10 11:09:19,511 [8] INFO  RequestLog - http://localhost:51534/api/PubUser/GetAccess
 data:

2019-10-10 11:09:21,246 [6] INFO  RequestLog - http://localhost:51534/api/PubDept/GetList
 data:

2019-10-10 11:09:21,282 [9] INFO  RequestLog - http://localhost:51534/api/PubDept/GetList
 data:

2019-10-10 11:09:21,304 [10] INFO  RequestLog - http://localhost:51534/api/PubDept/GetChildList/
 data:

2019-10-10 11:09:33,599 [10] INFO  RequestLog - http://localhost:51534/api/PubDept/GetList
 data:

2019-10-10 11:09:33,627 [14] INFO  RequestLog - http://localhost:51534/api/PubDept/GetChildList/
 data:

2019-10-10 11:09:33,627 [15] INFO  RequestLog - http://localhost:51534/api/PubDept/GetList
 data:

2019-10-10 11:09:35,159 [9] INFO  RequestLog - http://localhost:51534/api/PubFunction/GetChildList/
 data:

2019-10-10 11:09:35,159 [9] INFO  RequestLog - http://localhost:51534/api/PubFunction/GetList
 data:

2019-10-10 11:09:35,209 [10] INFO  RequestLog - http://localhost:51534/api/PubFunction/GetList
 data:

2019-10-10 11:09:35,549 [7] INFO  RequestLog - http://localhost:51534/api/PubRole/GetList
 data:

2019-10-10 11:09:35,550 [10] INFO  RequestLog - http://localhost:51534/api/PubUser/GetPage
 data:{"pageNum":1,"pageSize":10,"field":"Id","order":"asc","query":{}}

2019-10-10 11:09:36,113 [10] INFO  RequestLog - http://localhost:51534/api/PubFunction/GetList
 data:

2019-10-10 11:09:36,113 [7] INFO  RequestLog - http://localhost:51534/api/PubFunction/GetList
 data:

2019-10-10 11:09:36,142 [10] INFO  RequestLog - http://localhost:51534/api/PubFunction/GetChildList/
 data:

2019-10-10 11:09:37,868 [9] INFO  RequestLog - http://localhost:51534/api/PubRole/GetPage
 data:{"pageNum":1,"pageSize":10,"field":"Id","order":"asc","query":{}}

2019-10-10 11:09:38,400 [16] INFO  RequestLog - http://localhost:51534/api/PubFunction/GetList
 data:

2019-10-10 11:09:38,400 [16] INFO  RequestLog - http://localhost:51534/api/PubFunction/GetChildList/
 data:

2019-10-10 11:09:38,453 [16] INFO  RequestLog - http://localhost:51534/api/PubFunction/GetList
 data:

2019-10-10 11:09:39,156 [7] INFO  RequestLog - http://localhost:51534/api/PubDept/GetList
 data:

2019-10-10 11:09:39,158 [7] INFO  RequestLog - http://localhost:51534/api/PubDept/GetList
 data:

2019-10-10 11:09:39,203 [7] INFO  RequestLog - http://localhost:51534/api/PubDept/GetChildList/
 data:

2019-10-10 11:09:39,496 [16] INFO  RequestLog - http://localhost:51534/api/PubFunction/GetList
 data:

2019-10-10 11:09:39,496 [16] INFO  RequestLog - http://localhost:51534/api/PubFunction/GetList
 data:

2019-10-10 11:09:39,496 [16] INFO  RequestLog - http://localhost:51534/api/PubFunction/GetChildList/
 data:

2019-10-10 11:09:39,772 [6] INFO  RequestLog - http://localhost:51534/api/PubRole/GetPage
 data:{"pageNum":1,"pageSize":10,"field":"Id","order":"asc","query":{}}

2019-10-10 11:09:40,245 [16] INFO  RequestLog - http://localhost:51534/api/PubFunction/GetList
 data:

2019-10-10 11:09:40,269 [16] INFO  RequestLog - http://localhost:51534/api/PubFunction/GetList
 data:

2019-10-10 11:09:40,294 [16] INFO  RequestLog - http://localhost:51534/api/PubFunction/GetChildList/
 data:

2019-10-10 11:09:41,168 [16] INFO  RequestLog - http://localhost:51534/api/PubRole/GetPage
 data:{"pageNum":1,"pageSize":10,"field":"Id","order":"asc","query":{}}

2019-10-10 11:09:41,825 [10] INFO  RequestLog - http://localhost:51534/api/PubFunction/GetList
 data:

2019-10-10 11:09:41,825 [14] INFO  RequestLog - http://localhost:51534/api/PubFunction/GetChildList/
 data:

2019-10-10 11:09:41,826 [15] INFO  RequestLog - http://localhost:51534/api/PubFunction/GetList
 data:

2019-10-10 11:09:42,215 [7] INFO  RequestLog - http://localhost:51534/api/PubRole/GetPage
 data:{"pageNum":1,"pageSize":10,"field":"Id","order":"asc","query":{}}

2019-10-10 11:09:43,568 [8] INFO  RequestLog - http://localhost:51534/api/PubRole/GetFunctions/RC000001
 data:

2019-10-10 11:09:43,615 [7] INFO  RequestLog - http://localhost:51534/api/PubFunction/GetList
 data:

2019-10-10 11:37:26,176 [47] INFO  RequestLog - http://localhost:51534/api/PubFunction/GetList
 data:

2019-10-10 11:37:26,178 [47] INFO  RequestLog - http://localhost:51534/api/PubFunction/GetChildList/
 data:

2019-10-10 11:37:26,178 [47] INFO  RequestLog - http://localhost:51534/api/PubFunction/GetList
 data:

2019-10-10 11:37:26,683 [39] INFO  RequestLog - http://localhost:51534/api/PubRole/GetPage
 data:{"pageNum":1,"pageSize":10,"field":"Id","order":"asc","query":{}}

2019-10-10 11:37:27,163 [44] INFO  RequestLog - http://localhost:51534/api/PubRole/GetList
 data:

2019-10-10 11:37:27,182 [42] INFO  RequestLog - http://localhost:51534/api/PubUser/GetPage
 data:{"pageNum":1,"pageSize":10,"field":"Id","order":"asc","query":{}}

2019-10-10 11:37:29,646 [45] INFO  RequestLog - http://localhost:51534/api/PubRole/GetPage
 data:{"pageNum":1,"pageSize":10,"field":"Id","order":"asc","query":{}}

2019-10-10 11:37:43,288 [45] INFO  RequestLog - http://localhost:51534/api/PubRole/GetPage
 data:

2019-10-10 11:37:51,597 [42] INFO  RequestLog - http://localhost:51534/api/PubUser/GetPage
 data:

2019-10-10 11:38:15,854 [48] INFO  RequestLog - http://localhost:51534/api/PubRole/GetPage
 data:{"pageNum":1,"pageSize":10,"field":"Id","order":"asc","query":{}}

2019-10-10 11:38:17,887 [47] INFO  RequestLog - http://localhost:51534/api/PubFunction/GetList
 data:

2019-10-10 11:38:17,888 [47] INFO  RequestLog - http://localhost:51534/api/PubFunction/GetList
 data:

2019-10-10 11:38:17,888 [47] INFO  RequestLog - http://localhost:51534/api/PubFunction/GetChildList/
 data:

2019-10-10 11:38:20,598 [48] INFO  RequestLog - http://localhost:51534/api/PubRole/GetPage
 data:{"pageNum":1,"pageSize":10,"field":"Id","order":"asc","query":{}}

2019-10-10 13:08:51,218 [30] INFO  RequestLog - http://localhost:51534/api/PubFunction/GetList
 data:

2019-10-10 13:08:51,238 [30] INFO  RequestLog - http://localhost:51534/api/PubFunction/GetChildList/
 data:

2019-10-10 13:08:51,258 [83] INFO  RequestLog - http://localhost:51534/api/PubFunction/GetList
 data:

2019-10-10 13:08:52,069 [28] INFO  RequestLog - http://localhost:51534/api/PubDept/GetList
 data:

2019-10-10 13:08:52,119 [32] INFO  RequestLog - http://localhost:51534/api/PubDept/GetList
 data:

2019-10-10 13:08:52,138 [28] INFO  RequestLog - http://localhost:51534/api/PubDept/GetChildList/
 data:

2019-10-10 13:09:46,912 [29] INFO  RequestLog - http://localhost:51534/api/PubRole/GetPage
 data:{"pageNum":1,"pageSize":10,"field":"Id","order":"asc","query":{}}

2019-10-10 13:10:26,391 [29] INFO  RequestLog - http://localhost:51534/api/PubUser/GetAccess
 data:

2019-10-10 13:10:41,506 [32] INFO  RequestLog - http://localhost:51534/api/PubUser/GetAccess
 data:

2019-10-10 13:10:47,324 [27] INFO  RequestLog - http://localhost:51534/api/PubFunction/GetList
 data:

2019-10-10 13:10:47,370 [26] INFO  RequestLog - http://localhost:51534/api/PubFunction/GetChildList/
 data:

2019-10-10 13:10:47,371 [27] INFO  RequestLog - http://localhost:51534/api/PubFunction/GetList
 data:

2019-10-10 13:10:53,767 [26] INFO  RequestLog - http://localhost:51534/api/PubRole/GetList
 data:

2019-10-10 13:10:53,767 [26] INFO  RequestLog - http://localhost:51534/api/PubUser/GetPage
 data:{"pageNum":1,"pageSize":10,"field":"Id","order":"asc","query":{}}

2019-10-10 13:10:54,958 [29] INFO  RequestLog - http://localhost:51534/api/PubFunction/GetList
 data:

2019-10-10 13:10:54,959 [26] INFO  RequestLog - http://localhost:51534/api/PubFunction/GetList
 data:

2019-10-10 13:10:54,988 [27] INFO  RequestLog - http://localhost:51534/api/PubFunction/GetChildList/
 data:

2019-10-10 13:10:56,716 [27] INFO  RequestLog - http://localhost:51534/api/PubRole/GetPage
 data:{"pageNum":1,"pageSize":10,"field":"Id","order":"asc","query":{}}

2019-10-10 13:10:57,996 [26] INFO  RequestLog - http://localhost:51534/api/PubRole/GetList
 data:

2019-10-10 13:10:57,996 [25] INFO  RequestLog - http://localhost:51534/api/PubUser/GetPage
 data:{"pageNum":1,"pageSize":10,"field":"Id","order":"asc","query":{}}

2019-10-10 13:11:03,587 [27] INFO  RequestLog - http://localhost:51534/api/PubDept/GetList
 data:

2019-10-10 13:11:03,589 [23] INFO  RequestLog - http://localhost:51534/api/PubDept/GetChildList/
 data:

2019-10-10 13:11:03,610 [27] INFO  RequestLog - http://localhost:51534/api/PubDept/GetList
 data:

2019-10-10 13:11:05,005 [26] INFO  RequestLog - http://localhost:51534/api/PubRole/GetPage
 data:{"pageNum":1,"pageSize":10,"field":"Id","order":"asc","query":{}}

2019-10-10 13:11:05,569 [23] INFO  RequestLog - http://localhost:51534/api/PubUser/GetPage
 data:{"pageNum":1,"pageSize":10,"field":"Id","order":"asc","query":{}}

2019-10-10 13:11:05,569 [23] INFO  RequestLog - http://localhost:51534/api/PubRole/GetList
 data:

2019-10-10 13:11:15,023 [23] INFO  RequestLog - http://localhost:51534/api/PubDept/GetList
 data:

2019-10-10 13:11:15,023 [26] INFO  RequestLog - http://localhost:51534/api/PubDept/GetList
 data:

2019-10-10 13:11:15,023 [26] INFO  RequestLog - http://localhost:51534/api/PubDept/GetChildList/
 data:

2019-10-10 13:11:16,592 [26] INFO  RequestLog - http://localhost:51534/api/PubRole/GetList
 data:

2019-10-10 13:11:16,615 [29] INFO  RequestLog - http://localhost:51534/api/PubUser/GetPage
 data:{"pageNum":1,"pageSize":10,"field":"Id","order":"asc","query":{}}

2019-10-10 13:11:19,587 [27] INFO  RequestLog - http://localhost:51534/api/PubUser/GetAccess
 data:

2019-10-10 13:11:19,916 [83] INFO  RequestLog - http://localhost:51534/api/PubRole/GetList
 data:

2019-10-10 13:11:19,953 [24] INFO  RequestLog - http://localhost:51534/api/PubUser/GetPage
 data:{"pageNum":1,"pageSize":10,"field":"Id","order":"asc","query":{}}

2019-10-10 13:12:11,564 [29] INFO  RequestLog - http://localhost:51534/api/PubUser/GetAccess
 data:

2019-10-10 13:12:11,974 [23] INFO  RequestLog - http://localhost:51534/api/PubRole/GetList
 data:

2019-10-10 13:12:11,994 [23] INFO  RequestLog - http://localhost:51534/api/PubUser/GetPage
 data:{"pageNum":1,"pageSize":10,"field":"Id","order":"asc","query":{}}

2019-10-10 13:18:16,861 [24] INFO  RequestLog - http://localhost:51534/api/PubUser/GetAccess
 data:

2019-10-10 13:18:17,279 [19] INFO  RequestLog - http://localhost:51534/api/PubRole/GetList
 data:

2019-10-10 13:18:17,301 [19] INFO  RequestLog - http://localhost:51534/api/PubUser/GetPage
 data:{"pageNum":1,"pageSize":10,"field":"Id","order":"asc","query":{}}

2019-10-10 13:20:59,026 [10] INFO  RequestLog - http://localhost:51534/api/PubRole/GetList
 data:

2019-10-10 13:20:59,058 [10] INFO  RequestLog - http://localhost:51534/api/PubUser/GetPage
 data:{"pageNum":1,"pageSize":10,"field":"Id","order":"asc","query":{}}

2019-10-10 13:21:52,451 [8] INFO  RequestLog - http://localhost:51534/api/PubUser/GetAccess
 data:

2019-10-10 13:21:52,821 [9] INFO  RequestLog - http://localhost:51534/api/PubRole/GetList
 data:

2019-10-10 13:21:52,855 [9] INFO  RequestLog - http://localhost:51534/api/PubUser/GetPage
 data:{"pageNum":1,"pageSize":10,"field":"Id","order":"asc","query":{}}

2019-10-10 13:22:21,009 [15] INFO  RequestLog - http://localhost:51534/api/PubUser/GetAccess
 data:

2019-10-10 13:25:29,575 [8] INFO  RequestLog - http://localhost:51534/api/PubRole/GetList
 data:

2019-10-10 13:25:29,578 [90] INFO  RequestLog - http://localhost:51534/api/PubUser/GetPage
 data:{"pageNum":1,"pageSize":10,"field":"Id","order":"asc","query":{}}

2019-10-10 13:25:29,790 [9] INFO  RequestLog - http://localhost:51534/api/PubUser/GetPage
 data:{"pageNum":1,"pageSize":10,"field":"Id","order":"asc","query":{}}

2019-10-10 13:25:33,456 [9] INFO  RequestLog - http://localhost:51534/api/PubRole/GetPage
 data:{"pageNum":1,"pageSize":10,"field":"Id","order":"asc","query":{}}

2019-10-10 13:25:37,292 [88] INFO  RequestLog - http://localhost:51534/api/PubDept/GetList
 data:

2019-10-10 13:25:37,292 [88] INFO  RequestLog - http://localhost:51534/api/PubDept/GetList
 data:

2019-10-10 13:25:37,292 [88] INFO  RequestLog - http://localhost:51534/api/PubDept/GetChildList/
 data:

2019-10-10 13:25:38,877 [9] INFO  RequestLog - http://localhost:51534/api/PubUser/GetPage
 data:{"pageNum":1,"pageSize":10,"field":"Id","order":"asc","query":{}}

2019-10-10 13:26:46,842 [15] INFO  RequestLog - http://localhost:51534/api/PubUser/GetAccess
 data:

2019-10-10 13:26:47,123 [9] INFO  RequestLog - http://localhost:51534/api/PubUser/GetPage
 data:{"pageNum":1,"pageSize":10,"field":"Id","order":"asc","query":{}}

2019-10-10 13:27:07,943 [8] INFO  RequestLog - http://localhost:51534/api/PubUser/GetAccess
 data:

2019-10-10 13:27:08,237 [89] INFO  RequestLog - http://localhost:51534/api/PubUser/GetPage
 data:{"pageNum":1,"pageSize":10,"field":"Id","order":"asc","query":{}}

2019-10-10 13:27:12,625 [89] INFO  RequestLog - http://localhost:51534/api/PubUser/GetPage
 data:{"pageNum":1,"pageSize":10,"field":"Id","order":"asc","query":{}}

2019-10-10 13:27:55,019 [88] INFO  RequestLog - http://localhost:51534/api/PubUser/GetPage
 data:{"pageNum":1,"pageSize":10,"field":"Id","order":"asc","query":{}}

2019-10-10 13:29:06,650 [92] INFO  RequestLog - http://localhost:51534/api/PubUser/GetPage
 data:{"pageNum":1,"pageSize":10,"field":"Id","order":"asc","query":{}}

2019-10-10 13:29:11,181 [89] INFO  RequestLog - http://localhost:51534/api/PubUser/GetAccess
 data:

2019-10-10 13:29:11,437 [91] INFO  RequestLog - http://localhost:51534/api/PubUser/GetPage
 data:{"pageNum":1,"pageSize":10,"field":"Id","order":"asc","query":{}}

2019-10-10 13:29:17,060 [92] INFO  RequestLog - http://localhost:51534/api/PubUser/GetPage
 data:{"pageNum":1,"pageSize":10,"field":"Id","order":"asc","query":{}}

2019-10-10 13:29:51,331 [91] INFO  RequestLog - http://localhost:51534/api/PubUser/GetPage
 data:{"pageNum":1,"pageSize":10,"field":"Id","order":"asc","query":{}}

2019-10-10 13:29:57,448 [92] INFO  RequestLog - http://localhost:51534/api/PubUser/GetPage
 data:{"pageNum":1,"pageSize":10,"field":"Id","order":"asc","query":{}}

2019-10-10 13:30:04,830 [93] INFO  RequestLog - http://localhost:51534/api/PubUser/GetPage
 data:{"pageNum":1,"pageSize":10,"field":"Id","order":"asc","query":{}}

2019-10-10 13:30:35,937 [93] INFO  RequestLog - http://localhost:51534/api/PubUser/GetPage
 data:{"pageNum":1,"pageSize":10,"field":"Id","order":"asc","query":{}}

2019-10-10 13:30:41,202 [93] INFO  RequestLog - http://localhost:51534/api/PubUser/GetPage
 data:{"pageNum":1,"pageSize":10,"field":"Id","order":"asc","query":{}}

2019-10-10 13:30:45,783 [93] INFO  RequestLog - http://localhost:51534/api/PubUser/GetAccess
 data:

2019-10-10 13:30:46,028 [92] INFO  RequestLog - http://localhost:51534/api/PubUser/GetPage
 data:{"pageNum":1,"pageSize":10,"field":"Id","order":"asc","query":{}}

2019-10-10 13:31:15,650 [93] INFO  RequestLog - http://localhost:51534/api/PubUser/GetAccess
 data:

2019-10-10 13:31:15,966 [91] INFO  RequestLog - http://localhost:51534/api/PubUser/GetPage
 data:{"pageNum":1,"pageSize":10,"field":"Id","order":"asc","query":{}}

2019-10-10 13:31:29,432 [84] INFO  RequestLog - http://localhost:51534/api/PubUser/GetPage
 data:{"pageNum":1,"pageSize":10,"field":"Id","order":"asc","query":{}}

2019-10-10 13:31:33,395 [93] INFO  RequestLog - http://localhost:51534/api/PubUser/GetAccess
 data:

2019-10-10 13:31:33,644 [6] INFO  RequestLog - http://localhost:51534/api/PubUser/GetPage
 data:{"pageNum":1,"pageSize":10,"field":"Id","order":"asc","query":{}}

2019-10-10 13:31:39,171 [6] INFO  RequestLog - http://localhost:51534/api/PubUser/GetPage
 data:{"pageNum":1,"pageSize":10,"field":"Id","order":"asc","query":{}}

2019-10-10 13:31:58,516 [84] INFO  RequestLog - http://localhost:51534/api/PubUser/GetPage
 data:{"pageNum":1,"pageSize":10,"field":"Id","order":"asc","query":{}}

2019-10-10 13:32:09,104 [84] INFO  RequestLog - http://localhost:51534/api/PubUser/GetAccess
 data:

2019-10-10 13:32:09,414 [93] INFO  RequestLog - http://localhost:51534/api/PubUser/GetPage
 data:{"pageNum":1,"pageSize":10,"field":"Id","order":"asc","query":{}}

2019-10-10 13:32:28,189 [93] INFO  RequestLog - http://localhost:51534/api/PubUser/GetPage
 data:{"pageNum":1,"pageSize":10,"field":"Id","order":"asc","query":{}}

2019-10-10 13:32:31,818 [93] INFO  RequestLog - http://localhost:51534/api/PubUser/GetAccess
 data:

2019-10-10 13:32:32,047 [6] INFO  RequestLog - http://localhost:51534/api/PubUser/GetPage
 data:{"pageNum":1,"pageSize":10,"field":"Id","order":"asc","query":{}}

2019-10-10 13:32:42,963 [6] INFO  RequestLog - http://localhost:51534/api/PubUser/GetAccess
 data:

2019-10-10 13:32:43,251 [84] INFO  RequestLog - http://localhost:51534/api/PubUser/GetPage
 data:{"pageNum":1,"pageSize":10,"field":"Id","order":"asc","query":{}}

2019-10-10 13:33:29,151 [10] INFO  RequestLog - http://localhost:51534/api/PubUser/GetPage
 data:{"pageNum":1,"pageSize":10,"field":"Id","order":"asc","query":{}}

2019-10-10 13:33:29,192 [7] INFO  RequestLog - http://localhost:51534/api/PubRole/GetList
 data:

2019-10-10 13:35:46,294 [17] INFO  RequestLog - http://localhost:51534/api/PubUser/GetPage
 data:{"pageNum":1,"pageSize":10,"field":"Id","order":"asc","query":{}}

2019-10-10 13:36:00,735 [6] INFO  RequestLog - http://localhost:51534/api/PubUser/GetAccess
 data:

2019-10-10 13:36:26,455 [17] INFO  RequestLog - http://localhost:51534/api/PubUser/GetPage
 data:{"pageNum":1,"pageSize":10,"field":"Id","order":"asc","query":{}}

2019-10-10 13:36:51,846 [18] INFO  RequestLog - http://localhost:51534/api/PubUser/GetPage
 data:{"pageNum":1,"pageSize":10,"field":"Id","order":"asc","query":{}}

2019-10-10 13:36:58,827 [17] INFO  RequestLog - http://localhost:51534/api/PubUser/GetAccess
 data:

2019-10-10 13:37:00,711 [11] INFO  RequestLog - http://localhost:51534/api/PubUser/GetPage
 data:{"pageNum":1,"pageSize":10,"field":"Id","order":"asc","query":{}}

2019-10-10 13:37:12,467 [11] INFO  RequestLog - http://localhost:51534/api/PubUser/GetPage
 data:{"pageNum":1,"pageSize":10,"field":"Id","order":"asc","query":{}}

2019-10-10 13:38:37,145 [17] INFO  RequestLog - http://localhost:51534/api/PubUser/GetPage
 data:{"pageNum":1,"pageSize":10,"field":"Id","order":"asc","query":{}}

2019-10-10 13:39:22,049 [6] INFO  RequestLog - http://localhost:51534/api/PubUser/GetAccess
 data:

2019-10-10 13:39:22,276 [20] INFO  RequestLog - http://localhost:51534/api/PubUser/GetPage
 data:{"pageNum":1,"pageSize":10,"field":"Id","order":"asc","query":{}}

2019-10-10 13:39:51,087 [11] INFO  RequestLog - http://localhost:51534/api/PubUser/GetAccess
 data:

2019-10-10 13:39:51,419 [19] INFO  RequestLog - http://localhost:51534/api/PubUser/GetPage
 data:{"pageNum":1,"pageSize":10,"field":"Id","order":"asc","query":{}}

2019-10-10 13:40:22,200 [21] INFO  RequestLog - http://localhost:51534/api/PubUser/GetAccess
 data:

2019-10-10 13:40:41,421 [19] INFO  RequestLog - http://localhost:51534/api/PubUser/GetPage
 data:{"pageNum":1,"pageSize":10,"field":"Id","order":"asc","query":{}}

2019-10-10 13:44:09,989 [83] INFO  RequestLog - http://localhost:51534/api/PubRole/GetList
 data:

2019-10-10 13:44:10,005 [83] INFO  RequestLog - http://localhost:51534/api/PubUser/GetPage
 data:{"pageNum":1,"pageSize":10,"field":"Id","order":"asc","query":{}}

2019-10-10 13:44:12,677 [29] INFO  RequestLog - http://localhost:51534/api/PubUser/GetPage
 data:{"pageNum":1,"pageSize":10,"field":"Id","order":"asc","query":{}}

2019-10-10 13:45:58,250 [22] INFO  RequestLog - http://localhost:51534/api/PubUser/GetAccess
 data:

2019-10-10 13:48:51,619 [28] INFO  RequestLog - http://localhost:51534/api/PubUser/GetAccess
 data:

2019-10-10 13:49:00,981 [35] INFO  RequestLog - http://localhost:51534/api/PubUser/GetAccess
 data:

2019-10-10 13:49:21,130 [34] INFO  RequestLog - http://localhost:51534/api/PubRole/GetList
 data:

2019-10-10 13:49:21,130 [34] INFO  RequestLog - http://localhost:51534/api/PubUser/GetPage
 data:{"pageNum":1,"pageSize":10,"field":"Id","order":"asc","query":{}}

2019-10-10 13:58:11,234 [50] INFO  RequestLog - http://localhost:51534/api/PubRole/GetList
 data:

2019-10-10 13:58:11,237 [50] INFO  RequestLog - http://localhost:51534/api/PubUser/GetPage
 data:{"pageNum":1,"pageSize":10,"field":"Id","order":"asc","query":{}}

2019-10-10 13:58:17,409 [43] INFO  RequestLog - http://localhost:51534/api/PubUser/GetAccess
 data:

2019-10-10 13:58:17,776 [50] INFO  RequestLog - http://localhost:51534/api/PubRole/GetList
 data:

2019-10-10 13:58:17,807 [52] INFO  RequestLog - http://localhost:51534/api/PubUser/GetPage
 data:{"pageNum":1,"pageSize":10,"field":"Id","order":"asc","query":{}}

2019-10-10 13:59:28,285 [52] INFO  RequestLog - http://localhost:51534/api/PubRole/GetList
 data:

2019-10-10 13:59:28,306 [51] INFO  RequestLog - http://localhost:51534/api/PubUser/GetPage
 data:{"pageNum":1,"pageSize":10,"field":"Id","order":"asc","query":{}}

2019-10-10 13:59:40,787 [52] INFO  RequestLog - http://localhost:51534/api/PubUser/GetAccess
 data:

2019-10-10 13:59:42,609 [51] INFO  RequestLog - http://localhost:51534/api/PubRole/GetList
 data:

2019-10-10 13:59:42,635 [54] INFO  RequestLog - http://localhost:51534/api/PubUser/GetPage
 data:{"pageNum":1,"pageSize":10,"field":"Id","order":"asc","query":{}}

2019-10-10 14:00:06,617 [43] INFO  RequestLog - http://localhost:51534/api/PubUser/GetAccess
 data:

2019-10-10 14:00:08,485 [52] INFO  RequestLog - http://localhost:51534/api/PubRole/GetList
 data:

2019-10-10 14:00:08,546 [50] INFO  RequestLog - http://localhost:51534/api/PubUser/GetPage
 data:{"pageNum":1,"pageSize":10,"field":"Id","order":"asc","query":{}}

2019-10-10 14:01:19,152 [43] INFO  RequestLog - http://localhost:51534/api/PubRole/GetList
 data:

2019-10-10 14:01:19,179 [54] INFO  RequestLog - http://localhost:51534/api/PubUser/GetPage
 data:{"pageNum":1,"pageSize":10,"field":"Id","order":"asc","query":{}}

2019-10-10 14:01:24,817 [52] INFO  RequestLog - http://localhost:51534/api/PubUser/GetAccess
 data:

2019-10-10 14:01:25,145 [54] INFO  RequestLog - http://localhost:51534/api/PubRole/GetList
 data:

2019-10-10 14:01:25,176 [54] INFO  RequestLog - http://localhost:51534/api/PubUser/GetPage
 data:{"pageNum":1,"pageSize":10,"field":"Id","order":"asc","query":{}}

2019-10-10 14:04:30,847 [56] INFO  RequestLog - http://localhost:51534/api/PubRole/GetList
 data:

2019-10-10 14:04:30,849 [57] INFO  RequestLog - http://localhost:51534/api/PubUser/GetPage
 data:{"pageNum":1,"pageSize":10,"field":"Id","order":"asc","query":{}}

2019-10-10 14:04:44,000 [57] INFO  RequestLog - http://localhost:51534/api/PubRole/GetList
 data:

2019-10-10 14:04:44,020 [58] INFO  RequestLog - http://localhost:51534/api/PubUser/GetPage
 data:{"pageNum":1,"pageSize":10,"field":"Id","order":"asc","query":{}}

2019-10-10 14:04:46,929 [58] INFO  RequestLog - http://localhost:51534/api/PubUser/GetAccess
 data:

2019-10-10 14:04:47,256 [56] INFO  RequestLog - http://localhost:51534/api/PubRole/GetList
 data:

2019-10-10 14:04:47,259 [57] INFO  RequestLog - http://localhost:51534/api/PubUser/GetPage
 data:{"pageNum":1,"pageSize":10,"field":"Id","order":"asc","query":{}}

2019-10-10 14:04:49,039 [54] INFO  RequestLog - http://localhost:51534/api/PubUser/GetFunctions/00000001
 data:

2019-10-10 14:04:49,089 [56] INFO  RequestLog - http://localhost:51534/api/PubFunction/GetList
 data:

2019-10-10 14:04:53,268 [56] INFO  RequestLog - http://localhost:51534/api/PubUser/GetFunctions/undefined
 data:

2019-10-10 14:04:53,307 [54] INFO  RequestLog - http://localhost:51534/api/PubFunction/GetList
 data:

2019-10-10 14:04:59,688 [54] INFO  RequestLog - http://localhost:51534/api/PubUser/GetFunctions/00000001
 data:

2019-10-10 14:04:59,735 [54] INFO  RequestLog - http://localhost:51534/api/PubFunction/GetList
 data:

2019-10-10 14:05:04,074 [54] INFO  RequestLog - http://localhost:51534/api/PubUser/GetFunctions/00000002
 data:

2019-10-10 14:05:04,115 [54] INFO  RequestLog - http://localhost:51534/api/PubFunction/GetList
 data:

2019-10-10 14:05:06,560 [54] INFO  RequestLog - http://localhost:51534/api/PubUser/GetFunctions/00000004
 data:

2019-10-10 14:05:06,610 [58] INFO  RequestLog - http://localhost:51534/api/PubFunction/GetList
 data:

2019-10-10 14:05:08,557 [54] INFO  RequestLog - http://localhost:51534/api/PubUser/GetFunctions/00000001
 data:

2019-10-10 14:05:08,602 [56] INFO  RequestLog - http://localhost:51534/api/PubFunction/GetList
 data:

2019-10-10 14:08:00,077 [61] INFO  RequestLog - http://localhost:51534/api/PubRole/GetList
 data:

2019-10-10 14:08:00,098 [58] INFO  RequestLog - http://localhost:51534/api/PubUser/GetPage
 data:{"pageNum":1,"pageSize":10,"field":"Id","order":"asc","query":{}}

2019-10-10 14:13:36,658 [13] INFO  RequestLog - http://localhost:51534/api/PubUser/GetPage
 data:{"pageNum":1,"pageSize":10,"field":"Id","order":"asc","query":{}}

2019-10-10 14:13:36,659 [65] INFO  RequestLog - http://localhost:51534/api/PubRole/GetList
 data:

2019-10-10 14:13:56,374 [13] INFO  RequestLog - http://localhost:51534/api/PubRole/GetList
 data:

2019-10-10 14:13:56,374 [65] INFO  RequestLog - http://localhost:51534/api/PubUser/GetPage
 data:{"pageNum":1,"pageSize":10,"field":"Id","order":"asc","query":{}}

2019-10-10 14:15:38,473 [65] INFO  RequestLog - http://localhost:51534/api/PubRole/GetList
 data:

2019-10-10 14:15:38,474 [66] INFO  RequestLog - http://localhost:51534/api/PubUser/GetPage
 data:{"pageNum":1,"pageSize":10,"field":"Id","order":"asc","query":{}}

2019-10-10 14:17:09,595 [63] INFO  RequestLog - http://localhost:51534/api/PubRole/GetList
 data:

2019-10-10 14:17:09,618 [68] INFO  RequestLog - http://localhost:51534/api/PubUser/GetPage
 data:{"pageNum":1,"pageSize":10,"field":"Id","order":"asc","query":{}}

2019-10-10 14:17:18,705 [65] INFO  RequestLog - http://localhost:51534/api/PubUser/GetFunctions/00000001
 data:

2019-10-10 14:17:18,755 [63] INFO  RequestLog - http://localhost:51534/api/PubFunction/GetList
 data:

2019-10-10 14:17:23,400 [63] INFO  RequestLog - http://localhost:51534/api/PubUser/GetFunctions/00000002
 data:

2019-10-10 14:17:23,438 [63] INFO  RequestLog - http://localhost:51534/api/PubFunction/GetList
 data:

2019-10-10 14:17:26,312 [65] INFO  RequestLog - http://localhost:51534/api/PubUser/GetFunctions/00000004
 data:

2019-10-10 14:17:26,387 [63] INFO  RequestLog - http://localhost:51534/api/PubFunction/GetList
 data:

2019-10-10 14:17:27,467 [66] INFO  RequestLog - http://localhost:51534/api/PubUser/Edit
 data:{"id":20,"userCode":"00000004","userName":"cts","realName":"迟","userPwd":"12345678","sex":1,"identityNo":null,"birthday":null,"deptCode":"D000003","managerFlag":false,"tel":"12345678901","eMail":null,"qq":null,"remark":"123456","stopFlag":false,"crid":"00000002-admin","crdt":"2019-08-01 17:29:09","lmid":"00000002-admin","lmdt":"2019-10-08 09:45:24","loginDate":null,"provinceCode":null,"cityCode":null,"regionCode":null,"userAddress":"123","wxcode":null,"headUrl":null,"deptName":"It部","roleCodes":["RC000003"],"_index":2,"_rowKey":18}

2019-10-10 14:17:27,902 [66] INFO  RequestLog - http://localhost:51534/api/PubUser/GetPage
 data:{"pageSize":10,"field":"Id","order":"asc","query":{}}

2019-10-10 14:17:32,823 [65] INFO  RequestLog - http://localhost:51534/api/PubUser/GetFunctions/00000004
 data:

2019-10-10 14:17:32,872 [69] INFO  RequestLog - http://localhost:51534/api/PubFunction/GetList
 data:

2019-10-10 14:17:38,029 [68] INFO  RequestLog - http://localhost:51534/api/PubUser/Edit
 data:{"id":20,"userCode":"00000004","userName":"cts","realName":"迟1","userPwd":"12345678","sex":1,"identityNo":null,"birthday":null,"deptCode":"D000003","managerFlag":false,"tel":"12345678901","eMail":null,"qq":null,"remark":"123456","stopFlag":false,"crid":"00000002-admin","crdt":"2019-08-01 17:29:09","lmid":"00000002-admin","lmdt":"2019-10-10 14:17:27","loginDate":null,"provinceCode":null,"cityCode":null,"regionCode":null,"userAddress":"123","wxcode":null,"headUrl":null,"deptName":"It部","roleCodes":["RC000003"],"_index":2,"_rowKey":21}

2019-10-10 14:17:38,160 [66] INFO  RequestLog - http://localhost:51534/api/PubUser/GetPage
 data:{"pageSize":10,"field":"Id","order":"asc","query":{}}

2019-10-10 14:18:30,902 [70] INFO  RequestLog - http://localhost:51534/api/PubRole/GetList
 data:

2019-10-10 14:18:30,902 [68] INFO  RequestLog - http://localhost:51534/api/PubUser/GetPage
 data:{"pageNum":1,"pageSize":10,"field":"Id","order":"asc","query":{}}

2019-10-10 14:19:31,903 [70] INFO  RequestLog - http://localhost:51534/api/PubUser/GetAccess
 data:

2019-10-10 14:19:32,246 [71] INFO  RequestLog - http://localhost:51534/api/PubUser/GetPage
 data:{"pageNum":1,"pageSize":10,"field":"Id","order":"asc","query":{}}

2019-10-10 14:19:32,247 [68] INFO  RequestLog - http://localhost:51534/api/PubRole/GetList
 data:

2019-10-10 14:19:34,296 [66] INFO  RequestLog - http://localhost:51534/api/PubUser/GetFunctions/00000001
 data:

2019-10-10 14:19:34,348 [66] INFO  RequestLog - http://localhost:51534/api/PubFunction/GetList
 data:

2019-10-10 14:19:52,849 [70] INFO  RequestLog - http://localhost:51534/api/PubUser/Edit
 data:{"id":1,"userCode":"00000001","userName":"chi","realName":"迟","userPwd":"123123","sex":1,"identityNo":null,"birthday":null,"deptCode":"D000001","managerFlag":false,"tel":"15288133116","eMail":null,"qq":null,"remark":null,"stopFlag":false,"crid":null,"crdt":null,"lmid":"00000002-admin","lmdt":"2019-08-02 16:56:13","loginDate":null,"provinceCode":null,"cityCode":null,"regionCode":null,"userAddress":null,"wxcode":null,"headUrl":null,"deptName":"总部","roleCodes":["RC000002"],"_index":0,"_rowKey":1}

2019-10-10 14:19:52,966 [68] INFO  RequestLog - http://localhost:51534/api/PubUser/GetPage
 data:{"pageSize":10,"field":"Id","order":"asc","query":{}}

2019-10-10 14:19:55,501 [68] INFO  RequestLog - http://localhost:51534/api/PubUser/GetFunctions/00000001
 data:

2019-10-10 14:19:55,555 [68] INFO  RequestLog - http://localhost:51534/api/PubFunction/GetList
 data:

2019-10-10 14:20:01,964 [68] INFO  RequestLog - http://localhost:51534/api/PubUser/GetAccess
 data:

2019-10-10 14:20:02,302 [70] INFO  RequestLog - http://localhost:51534/api/PubRole/GetList
 data:

2019-10-10 14:20:02,332 [72] INFO  RequestLog - http://localhost:51534/api/PubUser/GetPage
 data:{"pageNum":1,"pageSize":10,"field":"Id","order":"asc","query":{}}

2019-10-10 14:20:04,618 [70] INFO  RequestLog - http://localhost:51534/api/PubRole/GetPage
 data:{"pageNum":1,"pageSize":10,"field":"Id","order":"asc","query":{}}

2019-10-10 14:20:09,108 [68] INFO  RequestLog - http://localhost:51534/api/PubRole/GetFunctions/RC000002
 data:

2019-10-10 14:20:09,152 [66] INFO  RequestLog - http://localhost:51534/api/PubFunction/GetList
 data:

2019-10-10 14:20:16,560 [72] INFO  RequestLog - http://localhost:51534/api/PubRole/saveFunctions/RC000002
 data:["FC001001005","FC001001002","FC001001003","FC001001004","FC001002","FC001002001","FC001002002","FC001002003","FC001002004","FC001002005","FC001003","FC001003001","FC001003002","FC001003003","FC001003004","FC001004","FC001004001","FC001004002","FC001004003","FC001004004"]

2019-10-10 14:20:17,058 [71] INFO  RequestLog - http://localhost:51534/api/PubRole/GetPage
 data:{"pageSize":10,"field":"Id","order":"asc","query":{}}

2019-10-10 14:20:21,668 [72] INFO  RequestLog - http://localhost:51534/api/PubUser/GetAccess
 data:

2019-10-10 14:20:21,984 [73] INFO  RequestLog - http://localhost:51534/api/PubRole/GetList
 data:

2019-10-10 14:20:21,984 [73] INFO  RequestLog - http://localhost:51534/api/PubUser/GetPage
 data:{"pageNum":1,"pageSize":10,"field":"Id","order":"asc","query":{}}

2019-10-10 14:20:24,630 [72] INFO  RequestLog - http://localhost:51534/api/PubUser/GetFunctions/00000001
 data:

2019-10-10 14:20:24,671 [71] INFO  RequestLog - http://localhost:51534/api/PubFunction/GetList
 data:

2019-10-10 14:20:31,217 [72] INFO  RequestLog - http://localhost:51534/api/PubRole/GetPage
 data:{"pageNum":1,"pageSize":10,"field":"Id","order":"asc","query":{}}

2019-10-10 14:20:34,460 [70] INFO  RequestLog - http://localhost:51534/api/PubRole/GetFunctions/RC000001
 data:

2019-10-10 14:20:34,501 [70] INFO  RequestLog - http://localhost:51534/api/PubFunction/GetList
 data:

2019-10-10 14:20:39,671 [70] INFO  RequestLog - http://localhost:51534/api/PubRole/GetFunctions/RC000002
 data:

2019-10-10 14:20:39,725 [70] INFO  RequestLog - http://localhost:51534/api/PubFunction/GetList
 data:

2019-10-10 14:21:38,601 [73] INFO  RequestLog - http://localhost:51534/api/PubUser/GetAccess
 data:

2019-10-10 14:22:06,255 [75] INFO  RequestLog - http://localhost:51534/api/PubRole/GetList
 data:

2019-10-10 14:22:06,292 [73] INFO  RequestLog - http://localhost:51534/api/PubUser/GetPage
 data:{"pageNum":1,"pageSize":10,"field":"Id","order":"asc","query":{}}

2019-10-10 14:22:11,688 [75] INFO  RequestLog - http://localhost:51534/api/PubUser/GetFunctions/00000001
 data:

2019-10-10 14:22:11,739 [73] INFO  RequestLog - http://localhost:51534/api/PubFunction/GetList
 data:

2019-10-10 14:22:24,605 [72] INFO  RequestLog - http://localhost:51534/api/PubUser/GetAccess
 data:

2019-10-10 14:22:39,203 [74] INFO  RequestLog - http://localhost:51534/api/PubRole/GetList
 data:

2019-10-10 14:22:39,228 [75] INFO  RequestLog - http://localhost:51534/api/PubUser/GetPage
 data:{"pageNum":1,"pageSize":10,"field":"Id","order":"asc","query":{}}

2019-10-10 14:22:42,814 [75] INFO  RequestLog - http://localhost:51534/api/PubRole/GetPage
 data:{"pageNum":1,"pageSize":10,"field":"Id","order":"asc","query":{}}

2019-10-10 14:22:48,015 [73] INFO  RequestLog - http://localhost:51534/api/PubUser/GetAccess
 data:

2019-10-10 14:25:26,739 [76] INFO  RequestLog - http://localhost:51534/api/PubUser/GetAccess
 data:

2019-10-10 14:26:03,422 [77] INFO  RequestLog - http://localhost:51534/api/PubRole/GetList
 data:

2019-10-10 14:26:03,454 [80] INFO  RequestLog - http://localhost:51534/api/PubUser/GetPage
 data:{"pageNum":1,"pageSize":10,"field":"Id","order":"asc","query":{}}

2019-10-10 14:28:08,232 [77] INFO  RequestLog - http://localhost:51534/api/PubUser/GetFunctions/00000001
 data:

2019-10-10 14:28:08,289 [73] INFO  RequestLog - http://localhost:51534/api/PubFunction/GetList
 data:

2019-10-10 14:28:11,772 [95] INFO  RequestLog - http://localhost:51534/api/PubRole/GetPage
 data:{"pageNum":1,"pageSize":10,"field":"Id","order":"asc","query":{}}

2019-10-10 14:28:13,303 [76] INFO  RequestLog - http://localhost:51534/api/PubRole/GetFunctions/RC000001
 data:

2019-10-10 14:28:13,357 [73] INFO  RequestLog - http://localhost:51534/api/PubFunction/GetList
 data:

2019-10-10 14:28:19,435 [73] INFO  RequestLog - http://localhost:51534/api/PubRole/GetFunctions/RC000002
 data:

2019-10-10 14:28:19,491 [73] INFO  RequestLog - http://localhost:51534/api/PubFunction/GetList
 data:

2019-10-10 14:28:25,588 [77] INFO  RequestLog - http://localhost:51534/api/PubRole/saveFunctions/RC000002
 data:["FC001001005","FC001001004","FC001002","FC001002001","FC001002002","FC001002003","FC001002004","FC001002005","FC001003","FC001003001","FC001003002","FC001003003","FC001003004","FC001004","FC001004001","FC001004002","FC001004003","FC001004004"]

2019-10-10 14:28:26,044 [73] INFO  RequestLog - http://localhost:51534/api/PubRole/GetPage
 data:{"pageSize":10,"field":"Id","order":"asc","query":{}}

2019-10-10 14:28:30,684 [95] INFO  RequestLog - http://localhost:51534/api/PubUser/GetAccess
 data:

2019-10-10 14:28:33,646 [76] INFO  RequestLog - http://localhost:51534/api/PubRole/GetList
 data:

2019-10-10 14:28:33,673 [76] INFO  RequestLog - http://localhost:51534/api/PubUser/GetPage
 data:{"pageNum":1,"pageSize":10,"field":"Id","order":"asc","query":{}}

2019-10-10 14:28:49,384 [73] INFO  RequestLog - http://localhost:51534/api/PubRole/GetPage
 data:{"pageNum":1,"pageSize":10,"field":"Id","order":"asc","query":{}}

2019-10-10 14:28:54,397 [76] INFO  RequestLog - http://localhost:51534/api/PubRole/GetFunctions/RC000002
 data:

2019-10-10 14:28:54,449 [73] INFO  RequestLog - http://localhost:51534/api/PubFunction/GetList
 data:

2019-10-10 14:29:00,450 [95] INFO  RequestLog - http://localhost:51534/api/PubRole/saveFunctions/RC000002
 data:["FC001001005","FC001001001","FC001001002","FC001001003","FC001002","FC001002001","FC001002002","FC001002003","FC001002004","FC001002005","FC001003","FC001003001","FC001003002","FC001003003","FC001003004","FC001004","FC001004001","FC001004002","FC001004003","FC001004004"]

2019-10-10 14:29:00,943 [96] INFO  RequestLog - http://localhost:51534/api/PubRole/GetPage
 data:{"pageSize":10,"field":"Id","order":"asc","query":{}}

2019-10-10 14:29:05,463 [76] INFO  RequestLog - http://localhost:51534/api/PubUser/GetAccess
 data:

2019-10-10 14:29:05,785 [76] INFO  RequestLog - http://localhost:51534/api/PubRole/GetList
 data:

2019-10-10 14:29:05,813 [95] INFO  RequestLog - http://localhost:51534/api/PubUser/GetPage
 data:{"pageNum":1,"pageSize":10,"field":"Id","order":"asc","query":{}}

2019-10-10 14:29:09,605 [76] INFO  RequestLog - http://localhost:51534/api/PubRole/GetPage
 data:{"pageNum":1,"pageSize":10,"field":"Id","order":"asc","query":{}}

2019-10-10 14:29:12,575 [95] INFO  RequestLog - http://localhost:51534/api/PubRole/GetFunctions/RC000001
 data:

2019-10-10 14:29:12,620 [76] INFO  RequestLog - http://localhost:51534/api/PubFunction/GetList
 data:

2019-10-10 14:29:24,036 [76] INFO  RequestLog - http://localhost:51534/api/PubRole/GetFunctions/RC000002
 data:

2019-10-10 14:29:24,086 [73] INFO  RequestLog - http://localhost:51534/api/PubFunction/GetList
 data:

2019-10-10 14:29:28,457 [76] INFO  RequestLog - http://localhost:51534/api/PubRole/saveFunctions/RC000002
 data:["FC001","FC001001","FC001001005","FC001001001","FC001001002","FC001001003","FC001001004","FC001002","FC001002001","FC001002002","FC001002003","FC001002004","FC001002005","FC001003","FC001003001","FC001003002","FC001003003","FC001003004","FC001004","FC001004001","FC001004002","FC001004003","FC001004004"]

2019-10-10 14:29:29,027 [97] INFO  RequestLog - http://localhost:51534/api/PubRole/GetPage
 data:{"pageSize":10,"field":"Id","order":"asc","query":{}}

2019-10-10 14:29:32,901 [97] INFO  RequestLog - http://localhost:51534/api/PubUser/GetAccess
 data:

2019-10-10 14:29:33,211 [98] INFO  RequestLog - http://localhost:51534/api/PubRole/GetList
 data:

2019-10-10 14:29:33,237 [98] INFO  RequestLog - http://localhost:51534/api/PubUser/GetPage
 data:{"pageNum":1,"pageSize":10,"field":"Id","order":"asc","query":{}}

2019-10-10 14:29:34,364 [96] INFO  RequestLog - http://localhost:51534/api/PubUser/GetFunctions/00000001
 data:

2019-10-10 14:29:34,412 [97] INFO  RequestLog - http://localhost:51534/api/PubFunction/GetList
 data:

2019-10-10 14:29:36,232 [96] INFO  RequestLog - http://localhost:51534/api/PubUser/GetFunctions/00000002
 data:

2019-10-10 14:29:36,271 [96] INFO  RequestLog - http://localhost:51534/api/PubFunction/GetList
 data:

2019-10-10 14:29:38,149 [97] INFO  RequestLog - http://localhost:51534/api/PubUser/GetFunctions/00000004
 data:

2019-10-10 14:29:38,192 [95] INFO  RequestLog - http://localhost:51534/api/PubFunction/GetList
 data:

2019-10-10 14:45:22,150 [18] INFO  RequestLog - http://localhost:51534/api/PubUser/GetAccessuser:未授权 
 data:

2019-10-10 14:45:22,749 [16] INFO  RequestLog - http://localhost:51534/api/PubRole/GetListuser:未授权 
 data:

2019-10-10 14:45:22,778 [18] INFO  RequestLog - http://localhost:51534/api/PubUser/GetPageuser:未授权 
 data:{"pageNum":1,"pageSize":10,"field":"Id","order":"asc","query":{}}

2019-10-10 14:45:25,375 [16] INFO  RequestLog - http://localhost:51534/api/PubUser/GetFunctions/00000001user:未授权 
 data:

2019-10-10 14:45:25,439 [6] INFO  RequestLog - http://localhost:51534/api/PubFunction/GetListuser:未授权 
 data:

2019-10-10 14:45:28,426 [18] INFO  RequestLog - http://localhost:51534/api/PubRole/GetPageuser:未授权 
 data:{"pageNum":1,"pageSize":10,"field":"Id","order":"asc","query":{}}

2019-10-10 14:45:31,437 [16] INFO  RequestLog - http://localhost:51534/api/PubRole/GetFunctions/RC000001user:未授权 
 data:

2019-10-10 14:45:31,483 [6] INFO  RequestLog - http://localhost:51534/api/PubFunction/GetListuser:未授权 
 data:

2019-10-10 14:45:33,967 [17] INFO  RequestLog - http://localhost:51534/api/PubRole/GetPageuser:未授权 
 data:{"pageNum":1,"pageSize":10,"field":"Id","order":"asc","query":{}}

2019-10-10 14:58:05,041 [7] INFO  RequestLog - http://localhost:51534/api/PubUser/GetAccessuser:未授权 
 data:

2019-10-10 14:58:08,775 [6] INFO  RequestLog - http://localhost:51534/api/PubUser/GetAccessuser:未授权 
 data:

2019-10-10 14:58:10,683 [8] INFO  RequestLog - http://localhost:51534/api/PubRole/GetListuser:未授权 
 data:

2019-10-10 14:58:10,683 [8] INFO  RequestLog - http://localhost:51534/api/PubUser/GetPageuser:未授权 
 data:{"pageNum":1,"pageSize":10,"field":"Id","order":"asc","query":{}}

2019-10-10 14:58:11,301 [6] INFO  RequestLog - http://localhost:51534/api/PubUser/GetAccessuser:未授权 
 data:

2019-10-10 14:58:11,529 [7] INFO  RequestLog - http://localhost:51534/api/PubRole/GetListuser:未授权 
 data:

2019-10-10 14:58:11,529 [7] INFO  RequestLog - http://localhost:51534/api/PubUser/GetPageuser:未授权 
 data:{"pageNum":1,"pageSize":10,"field":"Id","order":"asc","query":{}}

2019-10-10 14:58:12,897 [7] INFO  RequestLog - http://localhost:51534/api/PubRole/GetPageuser:未授权 
 data:{"pageNum":1,"pageSize":10,"field":"Id","order":"asc","query":{}}

2019-10-10 14:58:14,805 [9] INFO  RequestLog - http://localhost:51534/api/PubRole/GetPageuser:未授权 
 data:{"pageNum":1,"pageSize":10,"field":"Id","order":"asc","query":{}}

2019-10-10 15:05:42,426 [9] INFO  RequestLog - http://localhost:51534/api/PubUser/GetPagetoken:Bearer eyJhbGciOiJIUzI1NiIsInR5cCI6IkpXVCJ9.eyJ1bmlxdWVfbmFtZSI6ImFkbWluIiwiSWQiOiIyIiwiVXNlckNvZGUiOiIwMDAwMDAwMiIsIlRlbCI6IjE1Mjg4MTMzMTE2IiwiRGVwdENvZGUiOiJEMDAwMDAyIiwibmJmIjoxNTcwNjkwNjg4LCJleHAiOjE1NzA2OTI0ODgsImlhdCI6MTU3MDY5MDY4OCwiaXNzIjoiTkJDWi5XZWIuQXBpIn0.-gfuMLLNcwaG3ff9dTGfPxGfMrfBYytHPu7SIJPRn8M 
 data:{"pageNum":1,"pageSize":10,"field":"Id","order":"asc","query":{}}

2019-10-10 15:05:42,426 [8] INFO  RequestLog - http://localhost:51534/api/PubRole/GetListtoken:Bearer eyJhbGciOiJIUzI1NiIsInR5cCI6IkpXVCJ9.eyJ1bmlxdWVfbmFtZSI6ImFkbWluIiwiSWQiOiIyIiwiVXNlckNvZGUiOiIwMDAwMDAwMiIsIlRlbCI6IjE1Mjg4MTMzMTE2IiwiRGVwdENvZGUiOiJEMDAwMDAyIiwibmJmIjoxNTcwNjkwNjg4LCJleHAiOjE1NzA2OTI0ODgsImlhdCI6MTU3MDY5MDY4OCwiaXNzIjoiTkJDWi5XZWIuQXBpIn0.-gfuMLLNcwaG3ff9dTGfPxGfMrfBYytHPu7SIJPRn8M 
 data:

2019-10-10 15:06:34,007 [9] INFO  RequestLog - http://localhost:51534/api/PubRole/GetPage
token:Bearer eyJhbGciOiJIUzI1NiIsInR5cCI6IkpXVCJ9.eyJ1bmlxdWVfbmFtZSI6ImFkbWluIiwiSWQiOiIyIiwiVXNlckNvZGUiOiIwMDAwMDAwMiIsIlRlbCI6IjE1Mjg4MTMzMTE2IiwiRGVwdENvZGUiOiJEMDAwMDAyIiwibmJmIjoxNTcwNjkwNjg4LCJleHAiOjE1NzA2OTI0ODgsImlhdCI6MTU3MDY5MDY4OCwiaXNzIjoiTkJDWi5XZWIuQXBpIn0.-gfuMLLNcwaG3ff9dTGfPxGfMrfBYytHPu7SIJPRn8M 
 data:{"pageNum":1,"pageSize":10,"field":"Id","order":"asc","query":{}}
